#
# There is insufficient memory for the Java Runtime Environment to continue.
# Native memory allocation (malloc) failed to allocate 1048576 bytes for AllocateHeap
# Possible reasons:
#   The system is out of physical RAM or swap space
#   In 32 bit mode, the process size limit was hit
# Possible solutions:
#   Reduce memory load on the system
#   Increase physical memory or swap space
#   Check if swap backing store is full
#   Use 64 bit Java on a 64 bit OS
#   Decrease Java heap size (-Xmx/-Xms)
#   Decrease number of Java threads
#   Decrease Java thread stack sizes (-Xss)
#   Set larger code cache with -XX:ReservedCodeCacheSize=
# This output file may be truncated or incomplete.
#
#  Out of Memory Error (memory/allocation.inline.hpp:61), pid=12208, tid=12232
#
# JRE version:  (7.0_67-b01) (build )
# Java VM: Java HotSpot(TM) 64-Bit Server VM (24.65-b04 mixed mode windows-amd64 compressed oops)
# Failed to write core dump. Minidumps are not enabled by default on client versions of Windows
#

---------------  T H R E A D  ---------------

Current thread (0x00000000020fd800):  JavaThread "Unknown thread" [_thread_in_vm, id=12232, stack(0x0000000002310000,0x0000000002410000)]

Stack: [0x0000000002310000,0x0000000002410000]
[error occurred during error reporting (printing stack bounds), id 0xc0000005]


---------------  P R O C E S S  ---------------

Java Threads: ( => current thread )

Other Threads:

=>0x00000000020fd800 (exited) JavaThread "Unknown thread" [_thread_in_vm, id=12232, stack(0x0000000002310000,0x0000000002410000)]

VM state:not at safepoint (normal execution)

VM Mutex/Monitor currently owned by a thread: None

Heap
 PSYoungGen      total 38400K, used 665K [0x00000007d5c80000, 0x00000007d8700000, 0x0000000800000000)
  eden space 33280K, 2% used [0x00000007d5c80000,0x00000007d5d266d0,0x00000007d7d00000)
  from space 5120K, 0% used [0x00000007d8200000,0x00000007d8200000,0x00000007d8700000)
  to   space 5120K, 0% used [0x00000007d7d00000,0x00000007d7d00000,0x00000007d8200000)
 ParOldGen       total 86016K, used 0K [0x0000000781600000, 0x0000000786a00000, 0x00000007d5c80000)
  object space 86016K, 0% used [0x0000000781600000,0x0000000781600000,0x0000000786a00000)
 PSPermGen       total 21504K, used 676K [0x000000077c400000, 0x000000077d900000, 0x0000000781600000)
  object space 21504K, 3% used [0x000000077c400000,0x000000077c4a90e0,0x000000077d900000)

Card table byte_map: [0x0000000005410000,0x0000000005830000] byte_map_base: 0x000000000182e000

Polling page: 0x0000000000140000

Code Cache  [0x0000000002410000, 0x0000000002680000, 0x0000000005410000)
 total_blobs=38 nmethods=0 adapters=20 free_code_cache=48889Kb largest_free_block=50062528

Compilation events (0 events):
No events

GC Heap History (0 events):
No events

Deoptimization events (0 events):
No events

Internal exceptions (0 events):
No events

Events (10 events):
Event: 0.016 loading class 0x000000000203d360
Event: 0.016 loading class 0x000000000203d360 done
Event: 0.016 loading class 0x000000000203d3b0
Event: 0.016 loading class 0x000000000203d3b0 done
Event: 0.016 loading class 0x000000000203d400
Event: 0.016 loading class 0x000000000203d400 done
Event: 0.016 loading class 0x000000000203e160
Event: 0.016 loading class 0x000000000203e160 done
Event: 0.016 loading class 0x000000000203dd80
Event: 0.016 loading class 0x000000000203dd80 done


Dynamic libraries:
0x000000013f5b0000 - 0x000000013f5e3000 	C:\Program Files\Java\jre7\bin\javaw.exe
0x0000000076d30000 - 0x0000000076ed9000 	C:\Windows\SYSTEM32\ntdll.dll
0x0000000076c10000 - 0x0000000076d2f000 	C:\Windows\system32\kernel32.dll
0x000007fefce40000 - 0x000007fefceac000 	C:\Windows\system32\KERNELBASE.dll
0x000007fefe830000 - 0x000007fefe90b000 	C:\Windows\system32\ADVAPI32.dll
0x000007fefd640000 - 0x000007fefd6df000 	C:\Windows\system32\msvcrt.dll
0x000007fefceb0000 - 0x000007fefcecf000 	C:\Windows\SYSTEM32\sechost.dll
0x000007fefebb0000 - 0x000007fefecdd000 	C:\Windows\system32\RPCRT4.dll
0x0000000076b10000 - 0x0000000076c0a000 	C:\Windows\system32\USER32.dll
0x000007fefece0000 - 0x000007fefed47000 	C:\Windows\system32\GDI32.dll
0x000007fefd1a0000 - 0x000007fefd1ae000 	C:\Windows\system32\LPK.dll
0x000007fefd440000 - 0x000007fefd509000 	C:\Windows\system32\USP10.dll
0x000007fefb550000 - 0x000007fefb744000 	C:\Windows\WinSxS\amd64_microsoft.windows.common-controls_6595b64144ccf1df_6.0.7601.17514_none_fa396087175ac9ac\COMCTL32.dll
0x000007fefd230000 - 0x000007fefd2a1000 	C:\Windows\system32\SHLWAPI.dll
0x000007fefe6f0000 - 0x000007fefe71e000 	C:\Windows\system32\IMM32.DLL
0x000007fefd530000 - 0x000007fefd639000 	C:\Windows\system32\MSCTF.dll
0x0000000067130000 - 0x0000000067202000 	C:\Program Files\Java\jre7\bin\msvcr100.dll
0x0000000065650000 - 0x0000000065e22000 	C:\Program Files\Java\jre7\bin\server\jvm.dll
0x000007feea9a0000 - 0x000007feea9a9000 	C:\Windows\system32\WSOCK32.dll
0x000007fefeb60000 - 0x000007fefebad000 	C:\Windows\system32\WS2_32.dll
0x000007fefe820000 - 0x000007fefe828000 	C:\Windows\system32\NSI.dll
0x000007fef1460000 - 0x000007fef149b000 	C:\Windows\system32\WINMM.dll
0x0000000076ef0000 - 0x0000000076ef7000 	C:\Windows\system32\PSAPI.DLL
0x000000006e540000 - 0x000000006e54f000 	C:\Program Files\Java\jre7\bin\verify.dll
0x0000000067750000 - 0x0000000067778000 	C:\Program Files\Java\jre7\bin\java.dll
0x000000006e520000 - 0x000000006e535000 	C:\Program Files\Java\jre7\bin\zip.dll

VM Arguments:
jvm_args: -Dfile.encoding=GBK 
java_command: frontPanel.MainUi
Launcher Type: SUN_STANDARD

Environment Variables:
JAVA_HOME=C:\Program Files\Java\jdk1.7.0_67
CLASSPATH=.;C:\Program Files\Java\jdk1.7.0_67\lib;C:\Program Files\Java\jdk1.7.0_67\lib\tools.jar
PATH=C:\Program Files (x86)\Common Files\NetSarang;C:\Windows\system32;C:\Windows;C:\Windows\System32\Wbem;C:\Windows\System32\WindowsPowerShell\v1.0\;C:\Program Files\Java\jdk1.7.0_67\bin;C:\Program Files\Java\jdk1.7.0_67\jre\bin;;C:\OracleClient\OracleInstantClient;C:\OracleClient\datamodeler; C:\OracleClient\slqdeveloper; C:\OracleClient\datamodeler;
USERNAME=Seohee
OS=Windows_NT
PROCESSOR_IDENTIFIER=Intel64 Family 6 Model 69 Stepping 1, GenuineIntel



---------------  S Y S T E M  ---------------

OS: Windows 7 , 64 bit Build 7601 Service Pack 1

CPU:total 4 (2 cores per cpu, 2 threads per core) family 6 model 69 stepping 1, cmov, cx8, fxsr, mmx, sse, sse2, sse3, ssse3, sse4.1, sse4.2, popcnt, avx, avx2, aes, erms, ht, tsc, tscinvbit

Memory: 4k page, physical 8294920k(3755340k free), swap 17752400k(22296k free)

vm_info: Java HotSpot(TM) 64-Bit Server VM (24.65-b04) for windows-amd64 JRE (1.7.0_67-b01), built on Jul 25 2014 08:55:00 by "java_re" with unknown MS VC++:1600

time: Sat Jan 31 16:45:01 2015
elapsed time: 0 seconds

